<?xml version="1.0" encoding="UTF-8" ?>
<testsuite failures="0" time="0.271" errors="0" skipped="0" tests="40" name="liisan_muistipeli.logic.CardTest">
  <properties>
[...]
</properties>
  <testcase time="0.004" classname="liisan_muistipeli.logic.CardTest" name="test_set_angle_between_0_and_2pi"/>
  <testcase time="0" classname="liisan_muistipeli.logic.CardTest" name="test_float_setY_getY_incorrect_high"/>
  <testcase time="0" classname="liisan_muistipeli.logic.CardTest" name="test_int_setY_getY_correct_high"/>
  <testcase time="0" classname="liisan_muistipeli.logic.CardTest" name="testConstructor_y_correct_values_1"/>
  <testcase time="0" classname="liisan_muistipeli.logic.CardTest" name="test_float_setX_getX_incorrect_high"/>
  <testcase time="0" classname="liisan_muistipeli.logic.CardTest" name="test_float_setX_getX_incorrect_low"/>
  <testcase time="0" classname="liisan_muistipeli.logic.CardTest" name="test_int_setY_getY_correct_low"/>
  <testcase time="0" classname="liisan_muistipeli.logic.CardTest" name="test_slow_velocity_greater_than_acceleration"/>
  <testcase time="0" classname="liisan_muistipeli.logic.CardTest" name="test_int_setY_getY_incorrect_low"/>
  <testcase time="0.001" classname="liisan_muistipeli.logic.CardTest" name="test_set_velocity_negative_fail"/>
  <testcase time="0.001" classname="liisan_muistipeli.logic.CardTest" name="testConstructor_y_incorrect"/>
  <testcase time="0.001" classname="liisan_muistipeli.logic.CardTest" name="test_set_angle_greater_than_2pi"/>
  <testcase time="0.001" classname="liisan_muistipeli.logic.CardTest" name="test_pair_id_cannot_be_0"/>
  <testcase time="0" classname="liisan_muistipeli.logic.CardTest" name="test_float_setX_getX_correct_low"/>
  <testcase time="0" classname="liisan_muistipeli.logic.CardTest" name="test_slow_velocity_same_than_acceleration"/>
  <testcase time="0.003" classname="liisan_muistipeli.logic.CardTest" name="testConstructor_pair_id_correct_values1"/>
  <testcase time="0.001" classname="liisan_muistipeli.logic.CardTest" name="testConstructor_x_correct_values_1"/>
  <testcase time="0" classname="liisan_muistipeli.logic.CardTest" name="test_get_id"/>
  <testcase time="0.001" classname="liisan_muistipeli.logic.CardTest" name="when_double_values_are_altered_integer_values_change_also"/>
  <testcase time="0" classname="liisan_muistipeli.logic.CardTest" name="test_int_setX_getX_correct_high"/>
  <testcase time="0" classname="liisan_muistipeli.logic.CardTest" name="test_get_pair_id"/>
  <testcase time="0" classname="liisan_muistipeli.logic.CardTest" name="test_float_setY_getY_incorrect_low"/>
  <testcase time="0" classname="liisan_muistipeli.logic.CardTest" name="test_set_angle_negative"/>
  <testcase time="0.001" classname="liisan_muistipeli.logic.CardTest" name="testConstructor_id_correct_values1"/>
  <testcase time="0.001" classname="liisan_muistipeli.logic.CardTest" name="test_int_setX_incorrect_high"/>
  <testcase time="0.001" classname="liisan_muistipeli.logic.CardTest" name="test_int_setX_getX_correct_low"/>
  <testcase time="0" classname="liisan_muistipeli.logic.CardTest" name="testConstructor_incorrect_id_and_pair_id_are_same"/>
  <testcase time="0" classname="liisan_muistipeli.logic.CardTest" name="test_slow_velocity_0"/>
  <testcase time="0.001" classname="liisan_muistipeli.logic.CardTest" name="test_float_setY_getY_correct_high"/>
  <testcase time="0.001" classname="liisan_muistipeli.logic.CardTest" name="testConstructor_x_incorrect"/>
  <testcase time="0" classname="liisan_muistipeli.logic.CardTest" name="test_int_setY_getY_incorrect_high"/>
  <testcase time="0" classname="liisan_muistipeli.logic.CardTest" name="test_slow_velocity_smaller_than_acceleration"/>
  <testcase time="0" classname="liisan_muistipeli.logic.CardTest" name="test_int_setX_incorrect_low"/>
  <testcase time="0" classname="liisan_muistipeli.logic.CardTest" name="test_id_and_pair_id_cannot_be_same"/>
  <testcase time="0" classname="liisan_muistipeli.logic.CardTest" name="test_angle_default_radian"/>
  <testcase time="0" classname="liisan_muistipeli.logic.CardTest" name="test_id_cannot_be_0"/>
  <testcase time="0" classname="liisan_muistipeli.logic.CardTest" name="test_float_setX_getX_correct_high"/>
  <testcase time="0" classname="liisan_muistipeli.logic.CardTest" name="test_set_velocity_1_0"/>
  <testcase time="0" classname="liisan_muistipeli.logic.CardTest" name="test_get_velocity_default"/>
  <testcase time="0.001" classname="liisan_muistipeli.logic.CardTest" name="test_float_setY_getY_correct_low"/>
</testsuite>