<?xml version="1.0" encoding="UTF-8" ?>
<testsuite failures="1" time="9.43" errors="0" skipped="0" tests="7" name="liisan_muistipeli.logic.EngineTest">
  <properties>
[...]
</properties>
  <testcase time="0.106" classname="liisan_muistipeli.logic.EngineTest" name="test_click_inside_hitbox_center"/>
  <testcase time="1.391" classname="liisan_muistipeli.logic.EngineTest" name="test_iteration_returns_false_if_no_velocity_in_any_card"/>
  <testcase time="0.711" classname="liisan_muistipeli.logic.EngineTest" name="test_iteration_at_least_something_happens"/>
  <testcase time="0.279" classname="liisan_muistipeli.logic.EngineTest" name="test_click_outside_hitbox"/>
  <testcase time="1.299" classname="liisan_muistipeli.logic.EngineTest" name="test_constructor_builds_cards"/>
  <testcase time="1.431" classname="liisan_muistipeli.logic.EngineTest" name="test_click_inside_hitbox">
    <failure type="java.lang.AssertionError">java.lang.AssertionError
	at org.junit.Assert.fail(Assert.java:86)
	at org.junit.Assert.assertTrue(Assert.java:41)
	at org.junit.Assert.assertNotNull(Assert.java:621)
	at org.junit.Assert.assertNotNull(Assert.java:631)
	at liisan_muistipeli.logic.EngineTest.test_click_inside_hitbox(EngineTest.java:105)
	at sun.reflect.NativeMethodAccessorImpl.invoke0(Native Method)
	at sun.reflect.NativeMethodAccessorImpl.invoke(NativeMethodAccessorImpl.java:57)
	at sun.reflect.DelegatingMethodAccessorImpl.invoke(DelegatingMethodAccessorImpl.java:43)
	at java.lang.reflect.Method.invoke(Method.java:606)
	at org.junit.runners.model.FrameworkMethod$1.runReflectiveCall(FrameworkMethod.java:47)
	at org.junit.internal.runners.model.ReflectiveCallable.run(ReflectiveCallable.java:12)
	at org.junit.runners.model.FrameworkMethod.invokeExplosively(FrameworkMethod.java:44)
	at org.junit.internal.runners.statements.InvokeMethod.evaluate(InvokeMethod.java:17)
	at org.junit.internal.runners.statements.RunBefores.evaluate(RunBefores.java:26)
	at org.junit.internal.runners.statements.RunAfters.evaluate(RunAfters.java:27)
	at org.junit.runners.ParentRunner.runLeaf(ParentRunner.java:271)
	at org.junit.runners.BlockJUnit4ClassRunner.runChild(BlockJUnit4ClassRunner.java:70)
	at org.junit.runners.BlockJUnit4ClassRunner.runChild(BlockJUnit4ClassRunner.java:50)
	at org.junit.runners.ParentRunner$3.run(ParentRunner.java:238)
	at org.junit.runners.ParentRunner$1.schedule(ParentRunner.java:63)
	at org.junit.runners.ParentRunner.runChildren(ParentRunner.java:236)
	at org.junit.runners.ParentRunner.access$000(ParentRunner.java:53)
	at org.junit.runners.ParentRunner$2.evaluate(ParentRunner.java:229)
	at org.junit.internal.runners.statements.RunBefores.evaluate(RunBefores.java:26)
	at org.junit.internal.runners.statements.RunAfters.evaluate(RunAfters.java:27)
	at org.junit.runners.ParentRunner.run(ParentRunner.java:309)
	at org.apache.maven.surefire.junit4.JUnit4TestSet.execute(JUnit4TestSet.java:53)
	at org.apache.maven.surefire.junit4.JUnit4Provider.executeTestSet(JUnit4Provider.java:123)
	at org.apache.maven.surefire.junit4.JUnit4Provider.invoke(JUnit4Provider.java:104)
	at sun.reflect.NativeMethodAccessorImpl.invoke0(Native Method)
	at sun.reflect.NativeMethodAccessorImpl.invoke(NativeMethodAccessorImpl.java:57)
	at sun.reflect.DelegatingMethodAccessorImpl.invoke(DelegatingMethodAccessorImpl.java:43)
	at java.lang.reflect.Method.invoke(Method.java:606)
	at org.apache.maven.surefire.util.ReflectionUtils.invokeMethodWithArray(ReflectionUtils.java:164)
	at org.apache.maven.surefire.booter.ProviderFactory$ProviderProxy.invoke(ProviderFactory.java:110)
	at org.apache.maven.surefire.booter.SurefireStarter.invokeProvider(SurefireStarter.java:175)
	at org.apache.maven.surefire.booter.SurefireStarter.runSuitesInProcessWhenForked(SurefireStarter.java:107)
	at org.apache.maven.surefire.booter.ForkedBooter.main(ForkedBooter.java:68)
</failure>
    <system-out>. . . . . . . . . . . . . . . . . . . . . . . . . . . . . . . . . . . . . . . . . . . . . . . . . . . 
. # # # # . # # # # . # # # # . # # # # . # # # # . # # # # . # # # # . # # # # . # # # # . # # # # . 
. # . . # . # . . # . # . . # . # . . # . # . . # . # . . # . # . . # . # . . # . # . . # . # . . # . 
. # . . # . # . . # . # . . # . # . . # . # . . # . # . . # . # . . # . # . . # . # . . # . # . . # . 
. # # # # . # # # # . # # # # . # # # # . # # # # . # # # # . # # # # . # # # # . # # # # . # # # # . 
. . . . . . . . . . . . . . . . . . . . . . . . . . . . . . . . . . . . . . . . . . . . . . . . . . . 
. # # # # . # # # # . # # # # . # # # # . # # # # . # # # # . # # # # . # # # # . # # # # . # # # # . 
. # . . # . # . . # . # . . # . # . . # . # . . # . # . . # . # . . # . # . . # . # . . # . # . . # . 
. # . . # . # . . # . # . . # . # . . # . # . . # . # . . # . # . . # . # . . # . # . . # . # . . # . 
. # # # # . # # # # . # # # # . # # # # . # # # # . # # # # . # # # # . # # # # . # # # # . # # # # . 
. . . . . . . . . . . . . . . . . . . . . . . . . . . . . . . . . . . . . . . . . . . . . . . . . . . 
. # # # # . # # # # . # # # # . # # # # . # # # # . # # # # . # # # # . # # # # . # # # # . # # # # . 
. # . . # . # . . # . # . . # . # . . # . # . . # . # . . # . # . . # . # . . # . # . . # . # . . # . 
. # . . # . # . . # . # . . # . # . . # . # . . # . # . . # . # . . # . # . . # . # . . # . # . . # . 
. # # # # . # # # # . # # # # . # # # # . # # # # . # # # # . # # # # . # # # # . # # # # . # # # # . 
. . . . . . . . . . . . . . . . . . . . . . . . . . . . . . . . . . . . . . . . . . . . . . . . . . . 
. # # # # . # # # # . # # # # . # # # # . # # # # . # # # # . # # # # . # # # # . # # # # . # # # # . 
. # . . # . # . . # . # . . # . # . . # . # . . # . # . . # . # . . # . # . . # . # . . # . # . . # . 
. # . . # . # . . # . # . . # . # . . # . # . . # . # . . # . # . . # . # . . # . # . . # . # . . # . 
. # # # # . # # # # . # # # # . # # # # . # # # # . # # # # . # # # # . # # # # . # # # # . # # # # . 
. . . . . . . . . . . . . . . . . . . . . . . . . . . . . . . . . . . . . . . . . . . . . . . . . . . 
. # # # # . # # # # . # # # # . # # # # . # # # # . # # # # . # # # # . # # # # . # # # # . # # # # . 
. # . . # . # . . # . # . . # . # . . # . # . . # . # . . # . # . . # . # . . # . # . . # . # . . # . 
. # . . # . # . . # . # . . # . # . . # . # . . # . # . . # . # . . # . # . . # . # . . # . # . . # . 
. # # # # . # # # # . # # # # . # # # # . # # # # . # # # # . # # # # . # # # # . # # # # . # # # # . 
. . . . . . . . . . . . . . . . . . . . . . . . . . . . . . . . . . . . . . . . . . . . . . . . . . . 
. # # # # . # # # # . # # # # . # # # # . # # # # . # # # # . # # # # . # # # # . # # # # . # # # # . 
. # . . # . # . . # . # . . # . # . . # . # . . # . # . . # . # . . # . # . . # . # . . # . # . . # . 
. # . . # . # . . # . # . . # . # . . # . # . . # . # . . # . # . . # . # . . # . # . . # . # . . # . 
. # # # # . # # # # . # # # # . # # # # . # # # # . # # # # . # # # # . # # # # . # # # # . # # # # . 
. . . . . . . . . . . . . . . . . . . . . . . . . . . . . . . . . . . . . . . . . . . . . . . . . . . 
. # # # # . # # # # . # # # # . # # # # . # # # # . # # # # . # # # # . # # # # . # # # # . # # # # . 
. # . . # . # . . # . # . . # . # . . # . # . . # . # . . # . # . . # . # . . # . # . . # . # . . # . 
. # . . # . # . . # . # . . # . # . . # . # . . # . # . . # . # . . # . # . . # . # . . # . # . . # . 
. # # # # . # # # # . # # # # . # # # # . # # # # . # # # # . # # # # . # # # # . # # # # . # # # # . 
. . . . . . . . . . . . . . . . . . . . . . . . . . . . . . . . . . . . . . . . . . . . . . . . . . . 
. # # # # . # # # # . # # # # . # # # # . # # # # . # # # # . # # # # . # # # # . # # # # . # # # # . 
. # . . # . # . . # . # . . # . # . . # . # . . # . # . . # . # . . # . # . . # . # . . # . # . . # . 
. # . . # . # . . # . # . . # . # . . # . # . . # . # . . # . # . . # . # . . # . # . . # . # . . # . 
. # # # # . # # # # . # # # # . # # # # . # # # # . # # # # . # # # # . # # # # . # # # # . # # # # . 
. . . . . . . . . . . . . . . . . . . . . . . . . . . . . . . . . . . . . . . . . . . . . . . . . . . 
. # # # # . # # # # . # # # # . # # # # . # # # # . # # # # . # # # # . # # # # . # # # # . # # # # . 
. # . . # . # . . # . # . . # . # . . # . # . . # . # . . # . # . . # . # . . # . # . . # . # . . # . 
. # . . # . # . . # . # . . # . # . . # . # . . # . # . . # . # . . # . # . . # . # . . # . # . . # . 
. # # # # . # # # # . # # # # . # # # # . # # # # . # # # # . # # # # . # # # # . # # # # . # # # # . 
. . . . . . . . . . . . . . . . . . . . . . . . . . . . . . . . . . . . . . . . . . . . . . . . . . . 
------------------------------------------------------------------------------------------------------
</system-out>
  </testcase>
  <testcase time="0.052" classname="liisan_muistipeli.logic.EngineTest" name="test_click_inside_hitbox_upper_left_corner"/>
</testsuite>